2022-08-17 21:05:48,358 django.utils.autoreload 636 INFO     Watching for file changes with StatReloader
2022-08-17 21:05:56,372 django.request 230 WARNING  Not Found: /favicon.ico
2022-08-17 21:06:10,408 interview.admin 40 ERROR     admin has exported 1 candidate records
2022-08-17 21:06:10,409 interview.admin 42 INFO     admin exported 1 candidate records
2022-08-17 21:06:37,200 django.utils.autoreload 250 INFO     /Users/ykdsg/my_workspace/python_ws/django_recruitment/interview/admin.py changed, reloading.
2022-08-17 21:06:40,058 django.utils.autoreload 636 INFO     Watching for file changes with StatReloader
2022-08-17 21:15:42,975 django.utils.autoreload 250 INFO     /Users/ykdsg/my_workspace/python_ws/django_recruitment/manage.py changed, reloading.
2022-08-17 21:23:18,737 django.utils.autoreload 636 INFO     Watching for file changes with StatReloader
2022-08-17 21:27:59,797 django.utils.autoreload 250 INFO     /Users/ykdsg/my_workspace/python_ws/django_recruitment/manage.py changed, reloading.
2022-08-17 21:28:02,638 django.utils.autoreload 636 INFO     Watching for file changes with StatReloader
2022-08-17 21:28:48,731 django.utils.autoreload 250 INFO     /Users/ykdsg/my_workspace/python_ws/django_recruitment/manage.py changed, reloading.
2022-08-17 21:28:51,410 django.utils.autoreload 636 INFO     Watching for file changes with StatReloader
2022-08-18 17:16:34,035 django.utils.autoreload 636 INFO     Watching for file changes with StatReloader
2022-08-18 17:16:43,998 django.security.SuspiciousSession 131 WARNING  Session data corrupted
2022-08-18 17:16:44,122 django.request 230 WARNING  Forbidden: /
2022-08-18 17:16:45,599 django.request 230 WARNING  Not Found: /favicon.ico
2022-08-18 17:16:53,960 django.security.SuspiciousSession 131 WARNING  Session data corrupted
2022-08-18 17:16:53,982 django.request 230 WARNING  Forbidden: /users/
2022-08-18 17:17:22,726 django.security.SuspiciousSession 131 WARNING  Session data corrupted
2022-08-18 17:17:22,758 django.security.SuspiciousSession 131 WARNING  Session data corrupted
2022-08-18 17:17:29,300 django.security.SuspiciousSession 131 WARNING  Session data corrupted
2022-08-18 17:17:30,488 django.request 230 WARNING  Not Found: /favicon.ico
2022-08-18 17:55:40,784 django.utils.autoreload 250 INFO     /Users/ykdsg/my_workspace/python_ws/django_recruitment/snippets/serializers.py changed, reloading.
2022-08-18 17:55:43,658 django.utils.autoreload 636 INFO     Watching for file changes with StatReloader
2022-08-18 22:00:20,461 django.utils.autoreload 636 INFO     Watching for file changes with StatReloader
2022-08-18 22:00:34,839 django.request 230 WARNING  Not Found: /snippets/
2022-08-18 22:04:09,013 django.request 230 WARNING  Forbidden: /snip/snippets/
2022-08-18 22:04:42,468 django.utils.autoreload 250 INFO     /Users/ykdsg/my_workspace/python_ws/django_recruitment/settings/base.py changed, reloading.
2022-08-18 22:04:45,257 django.utils.autoreload 636 INFO     Watching for file changes with StatReloader
2022-08-19 09:13:17,222 django.utils.autoreload 250 INFO     /Users/ykdsg/my_workspace/python_ws/django_recruitment/snippets/views_0.py changed, reloading.
2022-08-19 09:13:20,675 django.utils.autoreload 636 INFO     Watching for file changes with StatReloader
2022-08-19 09:13:30,380 django.utils.autoreload 250 INFO     /Users/ykdsg/my_workspace/python_ws/django_recruitment/snippets/views_0.py changed, reloading.
2022-08-19 09:13:32,938 django.utils.autoreload 636 INFO     Watching for file changes with StatReloader
2022-08-19 09:13:41,626 django.utils.autoreload 250 INFO     /Users/ykdsg/my_workspace/python_ws/django_recruitment/snippets/views_0.py changed, reloading.
2022-08-19 09:13:43,938 django.utils.autoreload 636 INFO     Watching for file changes with StatReloader
2022-08-19 09:18:34,631 django.utils.autoreload 250 INFO     /Users/ykdsg/my_workspace/python_ws/django_recruitment/snippets/urls.py changed, reloading.
2022-08-19 09:18:37,413 django.utils.autoreload 636 INFO     Watching for file changes with StatReloader
2022-08-19 09:24:25,752 django.utils.autoreload 250 INFO     /Users/ykdsg/my_workspace/python_ws/django_recruitment/snippets/views.py changed, reloading.
2022-08-19 09:24:28,549 django.utils.autoreload 636 INFO     Watching for file changes with StatReloader
2022-08-19 09:26:31,466 django.utils.autoreload 250 INFO     /Users/ykdsg/my_workspace/python_ws/django_recruitment/snippets/views.py changed, reloading.
2022-08-19 09:26:34,049 django.utils.autoreload 636 INFO     Watching for file changes with StatReloader
2022-08-19 09:28:28,492 django.utils.autoreload 250 INFO     /Users/ykdsg/my_workspace/python_ws/django_recruitment/snippets/views.py changed, reloading.
2022-08-19 09:28:31,311 django.utils.autoreload 636 INFO     Watching for file changes with StatReloader
2022-08-19 09:28:39,180 django.utils.autoreload 250 INFO     /Users/ykdsg/my_workspace/python_ws/django_recruitment/snippets/views.py changed, reloading.
2022-08-19 09:28:41,460 django.utils.autoreload 636 INFO     Watching for file changes with StatReloader
2022-08-19 09:30:13,335 django.utils.autoreload 250 INFO     /Users/ykdsg/my_workspace/python_ws/django_recruitment/snippets/views.py changed, reloading.
2022-08-19 09:30:16,276 django.utils.autoreload 636 INFO     Watching for file changes with StatReloader
2022-08-19 09:39:49,836 django.request 230 WARNING  Not Found: /favicon.ico
2022-08-19 09:43:44,250 django.utils.autoreload 250 INFO     /Users/ykdsg/my_workspace/python_ws/django_recruitment/snippets/views.py changed, reloading.
2022-08-19 09:43:47,425 django.utils.autoreload 636 INFO     Watching for file changes with StatReloader
2022-08-19 09:56:08,264 django.utils.autoreload 250 INFO     /Users/ykdsg/my_workspace/python_ws/django_recruitment/snippets/models.py changed, reloading.
2022-08-19 09:56:11,065 django.utils.autoreload 636 INFO     Watching for file changes with StatReloader
2022-08-19 09:57:06,866 django.utils.autoreload 250 INFO     /Users/ykdsg/my_workspace/python_ws/django_recruitment/snippets/models.py changed, reloading.
2022-08-19 09:57:09,637 django.utils.autoreload 636 INFO     Watching for file changes with StatReloader
2022-08-19 09:57:35,547 django.utils.autoreload 250 INFO     /Users/ykdsg/my_workspace/python_ws/django_recruitment/snippets/models.py changed, reloading.
2022-08-19 09:57:38,466 django.utils.autoreload 636 INFO     Watching for file changes with StatReloader
2022-08-19 10:03:07,164 django.utils.autoreload 250 INFO     /Users/ykdsg/my_workspace/python_ws/django_recruitment/snippets/migrations/0001_initial.py changed, reloading.
2022-08-19 10:03:09,405 django.utils.autoreload 636 INFO     Watching for file changes with StatReloader
2022-08-19 11:44:26,062 django.utils.autoreload 250 INFO     /Users/ykdsg/my_workspace/python_ws/django_recruitment/snippets/serializers.py changed, reloading.
2022-08-19 11:44:29,265 django.utils.autoreload 636 INFO     Watching for file changes with StatReloader
2022-08-19 11:47:42,932 django.utils.autoreload 250 INFO     /Users/ykdsg/my_workspace/python_ws/django_recruitment/snippets/serializers.py changed, reloading.
2022-08-19 11:47:45,806 django.utils.autoreload 636 INFO     Watching for file changes with StatReloader
2022-08-19 11:47:53,667 django.utils.autoreload 250 INFO     /Users/ykdsg/my_workspace/python_ws/django_recruitment/snippets/serializers.py changed, reloading.
2022-08-19 11:47:56,030 django.utils.autoreload 636 INFO     Watching for file changes with StatReloader
2022-08-19 11:48:01,868 django.utils.autoreload 250 INFO     /Users/ykdsg/my_workspace/python_ws/django_recruitment/snippets/serializers.py changed, reloading.
2022-08-19 11:48:04,106 django.utils.autoreload 636 INFO     Watching for file changes with StatReloader
2022-08-19 11:48:19,122 django.utils.autoreload 250 INFO     /Users/ykdsg/my_workspace/python_ws/django_recruitment/snippets/serializers.py changed, reloading.
2022-08-19 11:48:21,748 django.utils.autoreload 636 INFO     Watching for file changes with StatReloader
2022-08-21 22:32:19,019 django.utils.autoreload 250 INFO     /Users/ykdsg/my_workspace/python_ws/django_recruitment/snippets/views.py changed, reloading.
2022-08-21 22:32:22,261 django.utils.autoreload 636 INFO     Watching for file changes with StatReloader
2022-08-21 22:32:40,427 django.utils.autoreload 250 INFO     /Users/ykdsg/my_workspace/python_ws/django_recruitment/snippets/views.py changed, reloading.
2022-08-22 16:58:15,905 django.utils.autoreload 636 INFO     Watching for file changes with StatReloader
2022-08-22 16:59:16,523 django.request 230 WARNING  Not Found: /favicon.ico
2022-08-22 17:00:39,824 django.request 230 ERROR    Internal Server Error: /snip/snippets/
Traceback (most recent call last):
  File "/Users/ykdsg/svn_workspace/yunwei-control/venv/lib/python3.7/site-packages/django/core/handlers/exception.py", line 47, in inner
    response = get_response(request)
  File "/Users/ykdsg/svn_workspace/yunwei-control/venv/lib/python3.7/site-packages/django/core/handlers/base.py", line 181, in _get_response
    response = wrapped_callback(request, *callback_args, **callback_kwargs)
  File "/Users/ykdsg/svn_workspace/yunwei-control/venv/lib/python3.7/site-packages/django/views/decorators/csrf.py", line 54, in wrapped_view
    return view_func(*args, **kwargs)
  File "/Users/ykdsg/svn_workspace/yunwei-control/venv/lib/python3.7/site-packages/django/views/generic/base.py", line 70, in view
    return self.dispatch(request, *args, **kwargs)
  File "/Users/ykdsg/svn_workspace/yunwei-control/venv/lib/python3.7/site-packages/rest_framework/views.py", line 509, in dispatch
    response = self.handle_exception(exc)
  File "/Users/ykdsg/svn_workspace/yunwei-control/venv/lib/python3.7/site-packages/rest_framework/views.py", line 469, in handle_exception
    self.raise_uncaught_exception(exc)
  File "/Users/ykdsg/svn_workspace/yunwei-control/venv/lib/python3.7/site-packages/rest_framework/views.py", line 480, in raise_uncaught_exception
    raise exc
  File "/Users/ykdsg/svn_workspace/yunwei-control/venv/lib/python3.7/site-packages/rest_framework/views.py", line 506, in dispatch
    response = handler(request, *args, **kwargs)
  File "/Users/ykdsg/my_workspace/python_ws/django_recruitment/snippets/views.py", line 31, in post
    return self.create(request, *args, **kwargs)
  File "/Users/ykdsg/svn_workspace/yunwei-control/venv/lib/python3.7/site-packages/rest_framework/mixins.py", line 19, in create
    self.perform_create(serializer)
  File "/Users/ykdsg/my_workspace/python_ws/django_recruitment/snippets/views.py", line 35, in perform_create
    serializer.save(owner=self.request.user)
  File "/Users/ykdsg/svn_workspace/yunwei-control/venv/lib/python3.7/site-packages/rest_framework/serializers.py", line 205, in save
    self.instance = self.create(validated_data)
  File "/Users/ykdsg/svn_workspace/yunwei-control/venv/lib/python3.7/site-packages/rest_framework/serializers.py", line 939, in create
    instance = ModelClass._default_manager.create(**validated_data)
  File "/Users/ykdsg/svn_workspace/yunwei-control/venv/lib/python3.7/site-packages/django/db/models/manager.py", line 85, in manager_method
    return getattr(self.get_queryset(), name)(*args, **kwargs)
  File "/Users/ykdsg/svn_workspace/yunwei-control/venv/lib/python3.7/site-packages/django/db/models/query.py", line 451, in create
    obj = self.model(**kwargs)
  File "/Users/ykdsg/svn_workspace/yunwei-control/venv/lib/python3.7/site-packages/django/db/models/base.py", line 485, in __init__
    _setattr(self, field.name, rel_obj)
  File "/Users/ykdsg/svn_workspace/yunwei-control/venv/lib/python3.7/site-packages/django/db/models/fields/related_descriptors.py", line 220, in __set__
    self.field.remote_field.model._meta.object_name,
ValueError: Cannot assign "<django.contrib.auth.models.AnonymousUser object at 0x7fdd58542490>": "Snippet.owner" must be a "User" instance.
2022-08-22 17:05:03,183 django.utils.autoreload 250 INFO     /Users/ykdsg/my_workspace/python_ws/django_recruitment/snippets/views.py changed, reloading.
2022-08-22 17:05:13,718 django.utils.autoreload 636 INFO     Watching for file changes with StatReloader
2022-08-22 17:05:47,957 django.utils.autoreload 250 INFO     /Users/ykdsg/my_workspace/python_ws/django_recruitment/snippets/views.py changed, reloading.
2022-08-22 17:05:57,721 django.utils.autoreload 636 INFO     Watching for file changes with StatReloader
2022-08-22 17:08:25,508 django.utils.autoreload 250 INFO     /Users/ykdsg/my_workspace/python_ws/django_recruitment/snippets/urls.py changed, reloading.
2022-08-22 17:08:27,813 django.utils.autoreload 636 INFO     Watching for file changes with StatReloader
2022-08-22 17:10:58,106 django.utils.autoreload 250 INFO     /Users/ykdsg/my_workspace/python_ws/django_recruitment/snippets/urls.py changed, reloading.
2022-08-22 17:11:01,244 django.utils.autoreload 636 INFO     Watching for file changes with StatReloader
2022-08-22 17:11:11,652 django.request 230 WARNING  Not Found: /api-auth/login/
2022-08-22 17:26:49,839 django.request 230 WARNING  Not Found: /accounts/profile/
2022-08-22 17:26:51,032 django.request 230 WARNING  Not Found: /favicon.ico
2022-08-22 17:34:11,092 django.utils.autoreload 250 INFO     /Users/ykdsg/my_workspace/python_ws/django_recruitment/snippets/views.py changed, reloading.
2022-08-22 17:34:14,464 django.utils.autoreload 636 INFO     Watching for file changes with StatReloader
2022-08-22 17:34:25,721 django.request 230 WARNING  Not Found: /favicon.ico
2022-08-22 17:35:35,115 django.request 230 WARNING  Not Found: /favicon.ico
2022-08-22 17:35:47,675 django.utils.autoreload 250 INFO     /Users/ykdsg/my_workspace/python_ws/django_recruitment/snippets/views.py changed, reloading.
2022-08-22 17:35:50,545 django.utils.autoreload 636 INFO     Watching for file changes with StatReloader
2022-08-22 17:36:07,112 django.request 230 WARNING  Not Found: /favicon.ico
2022-08-22 17:49:37,686 django.utils.autoreload 250 INFO     /Users/ykdsg/my_workspace/python_ws/django_recruitment/snippets/views.py changed, reloading.
2022-08-22 17:49:40,871 django.utils.autoreload 636 INFO     Watching for file changes with StatReloader
2022-08-22 17:49:48,523 django.utils.autoreload 250 INFO     /Users/ykdsg/my_workspace/python_ws/django_recruitment/snippets/views.py changed, reloading.
2022-08-22 17:49:50,881 django.utils.autoreload 636 INFO     Watching for file changes with StatReloader
2022-08-22 17:50:18,525 django.request 230 WARNING  Not Found: /favicon.ico
2022-08-22 17:50:51,646 django.utils.autoreload 250 INFO     /Users/ykdsg/my_workspace/python_ws/django_recruitment/snippets/views.py changed, reloading.
2022-08-22 17:50:54,577 django.utils.autoreload 636 INFO     Watching for file changes with StatReloader
2022-08-22 17:52:30,517 django.request 230 WARNING  Not Found: /favicon.ico
2022-08-22 17:54:59,346 django.request 230 WARNING  Not Found: /favicon.ico
2022-08-22 17:55:08,336 django.request 230 WARNING  Forbidden: /snip/snippets/1/
2022-08-22 17:59:08,330 django.request 230 WARNING  Not Found: /favicon.ico
2022-08-22 17:59:23,510 django.request 230 WARNING  Not Found: /favicon.ico
2022-08-22 19:28:46,589 django.utils.autoreload 250 INFO     /Users/ykdsg/my_workspace/python_ws/django_recruitment/snippets/views.py changed, reloading.
2022-08-22 19:28:49,614 django.utils.autoreload 636 INFO     Watching for file changes with StatReloader
2022-08-22 19:33:45,920 django.utils.autoreload 636 INFO     Watching for file changes with StatReloader
2022-08-22 19:34:34,057 django.request 230 ERROR    Internal Server Error: /snip/
Traceback (most recent call last):
  File "/Users/ykdsg/svn_workspace/yunwei-control/venv/lib/python3.7/site-packages/django/core/handlers/exception.py", line 47, in inner
    response = get_response(request)
  File "/Users/ykdsg/svn_workspace/yunwei-control/venv/lib/python3.7/site-packages/django/core/handlers/base.py", line 181, in _get_response
    response = wrapped_callback(request, *callback_args, **callback_kwargs)
  File "/Users/ykdsg/svn_workspace/yunwei-control/venv/lib/python3.7/site-packages/django/views/decorators/csrf.py", line 54, in wrapped_view
    return view_func(*args, **kwargs)
  File "/Users/ykdsg/svn_workspace/yunwei-control/venv/lib/python3.7/site-packages/django/views/generic/base.py", line 70, in view
    return self.dispatch(request, *args, **kwargs)
  File "/Users/ykdsg/svn_workspace/yunwei-control/venv/lib/python3.7/site-packages/rest_framework/views.py", line 509, in dispatch
    response = self.handle_exception(exc)
  File "/Users/ykdsg/svn_workspace/yunwei-control/venv/lib/python3.7/site-packages/rest_framework/views.py", line 469, in handle_exception
    self.raise_uncaught_exception(exc)
  File "/Users/ykdsg/svn_workspace/yunwei-control/venv/lib/python3.7/site-packages/rest_framework/views.py", line 480, in raise_uncaught_exception
    raise exc
  File "/Users/ykdsg/svn_workspace/yunwei-control/venv/lib/python3.7/site-packages/rest_framework/views.py", line 506, in dispatch
    response = handler(request, *args, **kwargs)
  File "/Users/ykdsg/svn_workspace/yunwei-control/venv/lib/python3.7/site-packages/rest_framework/decorators.py", line 50, in handler
    return func(*args, **kwargs)
  File "/Users/ykdsg/my_workspace/python_ws/django_recruitment/snippets/views.py", line 132, in api_root
    'snippets': reverse('snippet-list', request=request, format=format)
  File "/Users/ykdsg/svn_workspace/yunwei-control/venv/lib/python3.7/site-packages/rest_framework/reverse.py", line 47, in reverse
    url = _reverse(viewname, args, kwargs, request, format, **extra)
  File "/Users/ykdsg/svn_workspace/yunwei-control/venv/lib/python3.7/site-packages/rest_framework/reverse.py", line 60, in _reverse
    url = django_reverse(viewname, args=args, kwargs=kwargs, **extra)
  File "/Users/ykdsg/svn_workspace/yunwei-control/venv/lib/python3.7/site-packages/django/urls/base.py", line 86, in reverse
    return resolver._reverse_with_prefix(view, prefix, *args, **kwargs)
  File "/Users/ykdsg/svn_workspace/yunwei-control/venv/lib/python3.7/site-packages/django/urls/resolvers.py", line 694, in _reverse_with_prefix
    raise NoReverseMatch(msg)
django.urls.exceptions.NoReverseMatch: Reverse for 'snippet-list' not found. 'snippet-list' is not a valid view function or pattern name.
2022-08-22 19:35:06,125 django.request 230 ERROR    Internal Server Error: /snip/
Traceback (most recent call last):
  File "/Users/ykdsg/svn_workspace/yunwei-control/venv/lib/python3.7/site-packages/django/core/handlers/exception.py", line 47, in inner
    response = get_response(request)
  File "/Users/ykdsg/svn_workspace/yunwei-control/venv/lib/python3.7/site-packages/django/core/handlers/base.py", line 181, in _get_response
    response = wrapped_callback(request, *callback_args, **callback_kwargs)
  File "/Users/ykdsg/svn_workspace/yunwei-control/venv/lib/python3.7/site-packages/django/views/decorators/csrf.py", line 54, in wrapped_view
    return view_func(*args, **kwargs)
  File "/Users/ykdsg/svn_workspace/yunwei-control/venv/lib/python3.7/site-packages/django/views/generic/base.py", line 70, in view
    return self.dispatch(request, *args, **kwargs)
  File "/Users/ykdsg/svn_workspace/yunwei-control/venv/lib/python3.7/site-packages/rest_framework/views.py", line 509, in dispatch
    response = self.handle_exception(exc)
  File "/Users/ykdsg/svn_workspace/yunwei-control/venv/lib/python3.7/site-packages/rest_framework/views.py", line 469, in handle_exception
    self.raise_uncaught_exception(exc)
  File "/Users/ykdsg/svn_workspace/yunwei-control/venv/lib/python3.7/site-packages/rest_framework/views.py", line 480, in raise_uncaught_exception
    raise exc
  File "/Users/ykdsg/svn_workspace/yunwei-control/venv/lib/python3.7/site-packages/rest_framework/views.py", line 506, in dispatch
    response = handler(request, *args, **kwargs)
  File "/Users/ykdsg/svn_workspace/yunwei-control/venv/lib/python3.7/site-packages/rest_framework/decorators.py", line 50, in handler
    return func(*args, **kwargs)
  File "/Users/ykdsg/my_workspace/python_ws/django_recruitment/snippets/views.py", line 132, in api_root
    'snippets': reverse('snippet-list', request=request, format=format)
  File "/Users/ykdsg/svn_workspace/yunwei-control/venv/lib/python3.7/site-packages/rest_framework/reverse.py", line 47, in reverse
    url = _reverse(viewname, args, kwargs, request, format, **extra)
  File "/Users/ykdsg/svn_workspace/yunwei-control/venv/lib/python3.7/site-packages/rest_framework/reverse.py", line 60, in _reverse
    url = django_reverse(viewname, args=args, kwargs=kwargs, **extra)
  File "/Users/ykdsg/svn_workspace/yunwei-control/venv/lib/python3.7/site-packages/django/urls/base.py", line 86, in reverse
    return resolver._reverse_with_prefix(view, prefix, *args, **kwargs)
  File "/Users/ykdsg/svn_workspace/yunwei-control/venv/lib/python3.7/site-packages/django/urls/resolvers.py", line 694, in _reverse_with_prefix
    raise NoReverseMatch(msg)
django.urls.exceptions.NoReverseMatch: Reverse for 'snippet-list' not found. 'snippet-list' is not a valid view function or pattern name.
2022-08-22 19:36:51,432 django.utils.autoreload 250 INFO     /Users/ykdsg/my_workspace/python_ws/django_recruitment/snippets/urls.py changed, reloading.
2022-08-22 19:36:54,259 django.utils.autoreload 636 INFO     Watching for file changes with StatReloader
2022-08-22 19:37:03,088 django.utils.autoreload 250 INFO     /Users/ykdsg/my_workspace/python_ws/django_recruitment/snippets/urls.py changed, reloading.
2022-08-22 19:37:05,653 django.utils.autoreload 636 INFO     Watching for file changes with StatReloader
2022-08-22 19:37:15,397 django.utils.autoreload 250 INFO     /Users/ykdsg/my_workspace/python_ws/django_recruitment/snippets/urls.py changed, reloading.
2022-08-22 19:37:17,721 django.utils.autoreload 636 INFO     Watching for file changes with StatReloader
2022-08-22 19:37:25,524 django.utils.autoreload 250 INFO     /Users/ykdsg/my_workspace/python_ws/django_recruitment/snippets/urls.py changed, reloading.
2022-08-22 19:37:27,661 django.utils.autoreload 636 INFO     Watching for file changes with StatReloader
2022-08-22 19:37:40,694 django.utils.autoreload 250 INFO     /Users/ykdsg/my_workspace/python_ws/django_recruitment/snippets/urls.py changed, reloading.
2022-08-22 19:37:42,976 django.utils.autoreload 636 INFO     Watching for file changes with StatReloader
2022-08-22 19:37:49,510 django.utils.autoreload 250 INFO     /Users/ykdsg/my_workspace/python_ws/django_recruitment/snippets/urls.py changed, reloading.
2022-08-22 19:37:51,828 django.utils.autoreload 636 INFO     Watching for file changes with StatReloader
2022-08-22 19:41:40,049 django.utils.autoreload 250 INFO     /Users/ykdsg/my_workspace/python_ws/django_recruitment/snippets/serializers.py changed, reloading.
2022-08-22 19:41:42,473 django.utils.autoreload 636 INFO     Watching for file changes with StatReloader
2022-08-22 19:43:11,221 django.utils.autoreload 250 INFO     /Users/ykdsg/my_workspace/python_ws/django_recruitment/snippets/serializers.py changed, reloading.
2022-08-22 19:43:13,695 django.utils.autoreload 636 INFO     Watching for file changes with StatReloader
2022-08-22 19:43:21,367 django.utils.autoreload 250 INFO     /Users/ykdsg/my_workspace/python_ws/django_recruitment/snippets/serializers.py changed, reloading.
2022-08-22 19:43:23,636 django.utils.autoreload 636 INFO     Watching for file changes with StatReloader
2022-08-22 19:43:36,549 django.utils.autoreload 250 INFO     /Users/ykdsg/my_workspace/python_ws/django_recruitment/snippets/serializers.py changed, reloading.
2022-08-22 19:43:38,855 django.utils.autoreload 636 INFO     Watching for file changes with StatReloader
2022-08-22 19:44:00,319 django.utils.autoreload 250 INFO     /Users/ykdsg/my_workspace/python_ws/django_recruitment/snippets/serializers.py changed, reloading.
2022-08-22 19:44:02,576 django.utils.autoreload 636 INFO     Watching for file changes with StatReloader
2022-08-22 19:44:15,401 django.utils.autoreload 250 INFO     /Users/ykdsg/my_workspace/python_ws/django_recruitment/snippets/serializers.py changed, reloading.
2022-08-22 19:44:17,600 django.utils.autoreload 636 INFO     Watching for file changes with StatReloader
2022-08-23 10:26:13,765 django.utils.autoreload 250 INFO     /Users/ykdsg/my_workspace/python_ws/django_recruitment/snippets/views.py changed, reloading.
2022-08-23 10:26:16,960 django.utils.autoreload 636 INFO     Watching for file changes with StatReloader
2022-08-23 10:26:55,976 django.utils.autoreload 250 INFO     /Users/ykdsg/my_workspace/python_ws/django_recruitment/snippets/views.py changed, reloading.
2022-08-23 10:26:58,837 django.utils.autoreload 636 INFO     Watching for file changes with StatReloader
2022-08-23 11:03:40,649 django.utils.autoreload 636 INFO     Watching for file changes with StatReloader
2022-08-23 11:25:34,148 django.utils.autoreload 636 INFO     Watching for file changes with StatReloader
2022-08-23 11:29:27,520 django.utils.autoreload 250 INFO     /Users/ykdsg/my_workspace/python_ws/django_recruitment/snippets/urls.py changed, reloading.
2022-08-23 11:29:30,175 django.utils.autoreload 636 INFO     Watching for file changes with StatReloader
2022-08-23 11:35:22,266 django.utils.autoreload 250 INFO     /Users/ykdsg/my_workspace/python_ws/django_recruitment/snippets/urls.py changed, reloading.
2022-08-23 11:35:25,557 django.utils.autoreload 636 INFO     Watching for file changes with StatReloader
2022-08-23 11:35:31,183 django.utils.autoreload 636 INFO     Watching for file changes with StatReloader
